# JRE version: OpenJDK Runtime Environment (8.0_152-b02) (build 1.8.0_152-release-1024-b02)
# Java VM: OpenJDK 64-Bit Server VM (25.152-b02 mixed mode windows-amd64 compressed oops)
Heap:
 PSYoungGen      total 473600K, used 382247K [0x00000000e0000000, 0x0000000100000000, 0x0000000100000000)
  eden space 420864K, 87% used [0x00000000e0000000,0x00000000f6685398,0x00000000f9b00000)
  from space 52736K, 28% used [0x00000000fcc80000,0x00000000fdb449e8,0x0000000100000000)
  to   space 50688K, 0% used [0x00000000f9b00000,0x00000000f9b00000,0x00000000fcc80000)
 ParOldGen       total 221696K, used 196127K [0x00000000a0000000, 0x00000000ad880000, 0x00000000e0000000)
  object space 221696K, 88% used [0x00000000a0000000,0x00000000abf87f80,0x00000000ad880000)
 Metaspace       used 87956K, capacity 93516K, committed 93568K, reserved 1130496K
  class space    used 10706K, capacity 11637K, committed 11648K, reserved 1048576K
GC Heap History (10 events):
Event: 12058.568 GC heap before
{Heap before GC invocations=126 (full 4):
 PSYoungGen      total 430592K, used 430192K [0x00000000e0000000, 0x00000000ffb80000, 0x0000000100000000)
  eden space 422400K, 100% used [0x00000000e0000000,0x00000000f9c80000,0x00000000f9c80000)
  from space 8192K, 95% used [0x00000000f9c80000,0x00000000fa41c040,0x00000000fa480000)
  to   space 48640K, 0% used [0x00000000fcc00000,0x00000000fcc00000,0x00000000ffb80000)
 ParOldGen       total 221696K, used 195871K [0x00000000a0000000, 0x00000000ad880000, 0x00000000e0000000)
  object space 221696K, 88% used [0x00000000a0000000,0x00000000abf47f70,0x00000000ad880000)
 Metaspace       used 87834K, capacity 93372K, committed 93568K, reserved 1130496K
  class space    used 10705K, capacity 11635K, committed 11648K, reserved 1048576K
Event: 12058.593 GC heap after
Heap after GC invocations=126 (full 4):
 PSYoungGen      total 466944K, used 36910K [0x00000000e0000000, 0x0000000100000000, 0x0000000100000000)
  eden space 418304K, 0% used [0x00000000e0000000,0x00000000e0000000,0x00000000f9880000)
  from space 48640K, 75% used [0x00000000fcc00000,0x00000000ff00baa8,0x00000000ffb80000)
  to   space 52736K, 0% used [0x00000000f9880000,0x00000000f9880000,0x00000000fcc00000)
 ParOldGen       total 221696K, used 195871K [0x00000000a0000000, 0x00000000ad880000, 0x00000000e0000000)
  object space 221696K, 88% used [0x00000000a0000000,0x00000000abf47f70,0x00000000ad880000)
 Metaspace       used 87834K, capacity 93372K, committed 93568K, reserved 1130496K
  class space    used 10705K, capacity 11635K, committed 11648K, reserved 1048576K
}
Event: 12061.427 GC heap before
{Heap before GC invocations=127 (full 4):
 PSYoungGen      total 466944K, used 454809K [0x00000000e0000000, 0x0000000100000000, 0x0000000100000000)
  eden space 418304K, 99% used [0x00000000e0000000,0x00000000f981ad38,0x00000000f9880000)
  from space 48640K, 75% used [0x00000000fcc00000,0x00000000ff00baa8,0x00000000ffb80000)
  to   space 52736K, 0% used [0x00000000f9880000,0x00000000f9880000,0x00000000fcc00000)
 ParOldGen       total 221696K, used 195871K [0x00000000a0000000, 0x00000000ad880000, 0x00000000e0000000)
  object space 221696K, 88% used [0x00000000a0000000,0x00000000abf47f70,0x00000000ad880000)
 Metaspace       used 87861K, capacity 93376K, committed 93568K, reserved 1130496K
  class space    used 10705K, capacity 11635K, committed 11648K, reserved 1048576K
Event: 12061.460 GC heap after
Heap after GC invocations=127 (full 4):
 PSYoungGen      total 471040K, used 15092K [0x00000000e0000000, 0x00000000fff00000, 0x0000000100000000)
  eden space 418304K, 0% used [0x00000000e0000000,0x00000000e0000000,0x00000000f9880000)
  from space 52736K, 28% used [0x00000000f9880000,0x00000000fa73d3f0,0x00000000fcc00000)
  to   space 50176K, 0% used [0x00000000fce00000,0x00000000fce00000,0x00000000fff00000)
 ParOldGen       total 221696K, used 195879K [0x00000000a0000000, 0x00000000ad880000, 0x00000000e0000000)
  object space 221696K, 88% used [0x00000000a0000000,0x00000000abf49f70,0x00000000ad880000)
 Metaspace       used 87861K, capacity 93376K, committed 93568K, reserved 1130496K
  class space    used 10705K, capacity 11635K, committed 11648K, reserved 1048576K
}
Event: 12276.168 GC heap before
{Heap before GC invocations=128 (full 4):
 PSYoungGen      total 471040K, used 433396K [0x00000000e0000000, 0x00000000fff00000, 0x0000000100000000)
  eden space 418304K, 100% used [0x00000000e0000000,0x00000000f9880000,0x00000000f9880000)
  from space 52736K, 28% used [0x00000000f9880000,0x00000000fa73d3f0,0x00000000fcc00000)
  to   space 50176K, 0% used [0x00000000fce00000,0x00000000fce00000,0x00000000fff00000)
 ParOldGen       total 221696K, used 195879K [0x00000000a0000000, 0x00000000ad880000, 0x00000000e0000000)
  object space 221696K, 88% used [0x00000000a0000000,0x00000000abf49f70,0x00000000ad880000)
 Metaspace       used 87940K, capacity 93452K, committed 93568K, reserved 1130496K
  class space    used 10706K, capacity 11637K, committed 11648K, reserved 1048576K
Event: 12276.180 GC heap after
Heap after GC invocations=128 (full 4):
 PSYoungGen      total 464896K, used 15981K [0x00000000e0000000, 0x00000000ff880000, 0x0000000100000000)
  eden space 421376K, 0% used [0x00000000e0000000,0x00000000e0000000,0x00000000f9b80000)
  from space 43520K, 36% used [0x00000000fce00000,0x00000000fdd9b4b0,0x00000000ff880000)
  to   space 47616K, 0% used [0x00000000f9b80000,0x00000000f9b80000,0x00000000fca00000)
 ParOldGen       total 221696K, used 195887K [0x00000000a0000000, 0x00000000ad880000, 0x00000000e0000000)
  object space 221696K, 88% used [0x00000000a0000000,0x00000000abf4bf70,0x00000000ad880000)
 Metaspace       used 87940K, capacity 93452K, committed 93568K, reserved 1130496K
  class space    used 10706K, capacity 11637K, committed 11648K, reserved 1048576K
}
Event: 12299.978 GC heap before
{Heap before GC invocations=129 (full 4):
 PSYoungGen      total 464896K, used 434840K [0x00000000e0000000, 0x00000000ff880000, 0x0000000100000000)
  eden space 421376K, 99% used [0x00000000e0000000,0x00000000f990ac28,0x00000000f9b80000)
  from space 43520K, 36% used [0x00000000fce00000,0x00000000fdd9b4b0,0x00000000ff880000)
  to   space 47616K, 0% used [0x00000000f9b80000,0x00000000f9b80000,0x00000000fca00000)
 ParOldGen       total 221696K, used 195887K [0x00000000a0000000, 0x00000000ad880000, 0x00000000e0000000)
  object space 221696K, 88% used [0x00000000a0000000,0x00000000abf4bf70,0x00000000ad880000)
 Metaspace       used 87952K, capacity 93516K, committed 93568K, reserved 1130496K
  class space    used 10706K, capacity 11637K, committed 11648K, reserved 1048576K
Event: 12300.006 GC heap after
Heap after GC invocations=129 (full 4):
 PSYoungGen      total 468992K, used 40660K [0x00000000e0000000, 0x0000000100000000, 0x0000000100000000)
  eden space 421376K, 0% used [0x00000000e0000000,0x00000000e0000000,0x00000000f9b80000)
  from space 47616K, 85% used [0x00000000f9b80000,0x00000000fc335188,0x00000000fca00000)
  to   space 52736K, 0% used [0x00000000fcc80000,0x00000000fcc80000,0x0000000100000000)
 ParOldGen       total 221696K, used 195887K [0x00000000a0000000, 0x00000000ad880000, 0x00000000e0000000)
  object space 221696K, 88% used [0x00000000a0000000,0x00000000abf4bf70,0x00000000ad880000)
 Metaspace       used 87952K, capacity 93516K, committed 93568K, reserved 1130496K
  class space    used 10706K, capacity 11637K, committed 11648K, reserved 1048576K
}
Event: 12301.110 GC heap before
{Heap before GC invocations=130 (full 4):
 PSYoungGen      total 468992K, used 461256K [0x00000000e0000000, 0x0000000100000000, 0x0000000100000000)
  eden space 421376K, 99% used [0x00000000e0000000,0x00000000f9abd128,0x00000000f9b80000)
  from space 47616K, 85% used [0x00000000f9b80000,0x00000000fc335188,0x00000000fca00000)
  to   space 52736K, 0% used [0x00000000fcc80000,0x00000000fcc80000,0x0000000100000000)
 ParOldGen       total 221696K, used 195887K [0x00000000a0000000, 0x00000000ad880000, 0x00000000e0000000)
  object space 221696K, 88% used [0x00000000a0000000,0x00000000abf4bf70,0x00000000ad880000)
 Metaspace       used 87952K, capacity 93516K, committed 93568K, reserved 1130496K
  class space    used 10706K, capacity 11637K, committed 11648K, reserved 1048576K
Event: 12301.121 GC heap after
Heap after GC invocations=130 (full 4):
 PSYoungGen      total 473600K, used 15122K [0x00000000e0000000, 0x0000000100000000, 0x0000000100000000)
  eden space 420864K, 0% used [0x00000000e0000000,0x00000000e0000000,0x00000000f9b00000)
  from space 52736K, 28% used [0x00000000fcc80000,0x00000000fdb449e8,0x0000000100000000)
  to   space 50688K, 0% used [0x00000000f9b00000,0x00000000f9b00000,0x00000000fcc80000)
 ParOldGen       total 221696K, used 196127K [0x00000000a0000000, 0x00000000ad880000, 0x00000000e0000000)
  object space 221696K, 88% used [0x00000000a0000000,0x00000000abf87f80,0x00000000ad880000)
 Metaspace       used 87952K, capacity 93516K, committed 93568K, reserved 1130496K
  class space    used 10706K, capacity 11637K, committed 11648K, reserved 1048576K
}

